"is_built_lib_inotify" "true"
"built_lib_inotify" "/Users/seanmcl/.opam/4.01.0/build/inotify.1.3/_build/lib/libinotify_stubs.a"
"built_lib_inotify" "/Users/seanmcl/.opam/4.01.0/build/inotify.1.3/_build/lib/dllinotify_stubs.so"
"built_lib_inotify" "/Users/seanmcl/.opam/4.01.0/build/inotify.1.3/_build/lib/inotify.cma"
"built_lib_inotify" "/Users/seanmcl/.opam/4.01.0/build/inotify.1.3/_build/lib/inotify.cmxa"
"built_lib_inotify" "/Users/seanmcl/.opam/4.01.0/build/inotify.1.3/_build/lib/inotify.a"
"built_lib_inotify" "/Users/seanmcl/.opam/4.01.0/build/inotify.1.3/_build/lib/inotify.cmxs"
"built_lib_inotify" "/Users/seanmcl/.opam/4.01.0/build/inotify.1.3/_build/lib/inotify.cmi"
"built_lib_inotify" "/Users/seanmcl/.opam/4.01.0/build/inotify.1.3/_build/lib/inotify.cmx"
"is_built_exec_test-inotify" "true"
"built_exec_test-inotify" "/Users/seanmcl/.opam/4.01.0/build/inotify.1.3/_build/test/test_inotify.native"
"install-findlib" "inotify"
"install-file" "/Users/seanmcl/.opam/4.01.0/bin/test-inotify"
"is_built_lib_inotify" "true"
"built_lib_inotify" "/Users/seanmcl/save/projects/inotify/_build/lib/libinotify_stubs.a"
"built_lib_inotify" "/Users/seanmcl/save/projects/inotify/_build/lib/dllinotify_stubs.so"
"built_lib_inotify" "/Users/seanmcl/save/projects/inotify/_build/lib/inotify.cma"
"built_lib_inotify" "/Users/seanmcl/save/projects/inotify/_build/lib/inotify.cmxa"
"built_lib_inotify" "/Users/seanmcl/save/projects/inotify/_build/lib/inotify.a"
"built_lib_inotify" "/Users/seanmcl/save/projects/inotify/_build/lib/inotify.cmxs"
"built_lib_inotify" "/Users/seanmcl/save/projects/inotify/_build/lib/inotify.cmi"
"built_lib_inotify" "/Users/seanmcl/save/projects/inotify/_build/lib/inotify.cmx"
"is_built_exec_test-inotify" "true"
"built_exec_test-inotify" "/Users/seanmcl/save/projects/inotify/_build/test/test_inotify.native"
